<?xml version="1.0" encoding="UTF-8"?>
<!-- Generated by org.testng.reporters.JUnitXMLReporter -->
<testsuite hostname="Georgis-iMac.local" name="ChaiWebDriver" tests="1" failures="1" timestamp="30 Mar 2016 12:01:23 GMT" time="99.795" errors="0">
  <testcase name="CopyCutDeleteOptionsScreenshots" time="78.028" classname="ChaiSeleniumWebDriverTest.NewTest">
    <failure type="java.io.IOException" message="Cannot run program &amp;quot;/Volumes/cliclick/cliclick&amp;quot;: error=2, No such file or directory">
      <![CDATA[java.io.IOException: Cannot run program "/Volumes/cliclick/cliclick": error=2, No such file or directory
	at java.lang.ProcessBuilder.start(ProcessBuilder.java:1048)
	at java.lang.Runtime.exec(Runtime.java:620)
	at java.lang.Runtime.exec(Runtime.java:450)
	at java.lang.Runtime.exec(Runtime.java:347)
	at ChaiSeleniumWebDriverTest.NewTest.CopyCutDeleteOptionsScreenshots(NewTest.java:107)
Caused by: java.io.IOException: error=2, No such file or directory
	at java.lang.UNIXProcess.forkAndExec(Native Method)
	at java.lang.UNIXProcess.<init>(UNIXProcess.java:248)
	at java.lang.ProcessImpl.start(ProcessImpl.java:134)
	at java.lang.ProcessBuilder.start(ProcessBuilder.java:1029)
	... 28 more
... Removed 24 stack frames]]>
    </failure>
  </testcase> <!-- CopyCutDeleteOptionsScreenshots -->
</testsuite> <!-- ChaiWebDriver -->
