<?xml version="1.0" encoding="UTF-8"?>
<!-- Generated by org.testng.reporters.JUnitXMLReporter -->
<testsuite hostname="Georgis-iMac.local" name="InkspaceAndroidScreenshots" tests="1" failures="1" timestamp="4 Jul 2016 15:47:36 GMT" time="0.79" errors="0">
  <testcase name="InkspaceTests" time="0.759" classname="ChaiAndInkspaceTests.InkspaceScreenshotsTests">
    <failure type="org.openqa.selenium.WebDriverException" message="An unknown server-side error occurred while processing the command. Original error: Device 2afa80ac41f4c36d9d1697331d6ce8e9c771af49 was not in the list of connected devices (WARNING: The server did not provide any stacktrace information)
Command duration or timeout: 281 milliseconds
Build info: version: &amp;apos;2.52.0&amp;apos;, revision: &amp;apos;4c2593c&amp;apos;, time: &amp;apos;2016-02-11 19:03:33&amp;apos;
System info: host: &amp;apos;Georgis-iMac.local&amp;apos;, ip: &amp;apos;192.168.11.187&amp;apos;, os.name: &amp;apos;Mac OS X&amp;apos;, os.arch: &amp;apos;x86_64&amp;apos;, os.version: &amp;apos;10.10.5&amp;apos;, java.version: &amp;apos;1.8.0_60&amp;apos;
Driver info: io.appium.java_client.android.AndroidDriver">
      <![CDATA[org.openqa.selenium.WebDriverException: An unknown server-side error occurred while processing the command. Original error: Device 2afa80ac41f4c36d9d1697331d6ce8e9c771af49 was not in the list of connected devices (WARNING: The server did not provide any stacktrace information)
Command duration or timeout: 281 milliseconds
Build info: version: '2.52.0', revision: '4c2593c', time: '2016-02-11 19:03:33'
System info: host: 'Georgis-iMac.local', ip: '192.168.11.187', os.name: 'Mac OS X', os.arch: 'x86_64', os.version: '10.10.5', java.version: '1.8.0_60'
Driver info: io.appium.java_client.android.AndroidDriver
	at org.openqa.selenium.remote.ErrorHandler.createThrowable(ErrorHandler.java:206)
	at org.openqa.selenium.remote.ErrorHandler.throwIfResponseFailed(ErrorHandler.java:158)
	at org.openqa.selenium.remote.RemoteWebDriver.execute(RemoteWebDriver.java:678)
	at io.appium.java_client.DefaultGenericMobileDriver.execute(DefaultGenericMobileDriver.java:42)
	at io.appium.java_client.AppiumDriver.execute(AppiumDriver.java:1)
	at io.appium.java_client.android.AndroidDriver.execute(AndroidDriver.java:1)
	at org.openqa.selenium.remote.RemoteWebDriver.startSession(RemoteWebDriver.java:249)
	at org.openqa.selenium.remote.RemoteWebDriver.<init>(RemoteWebDriver.java:131)
	at org.openqa.selenium.remote.RemoteWebDriver.<init>(RemoteWebDriver.java:144)
	at io.appium.java_client.DefaultGenericMobileDriver.<init>(DefaultGenericMobileDriver.java:37)
	at io.appium.java_client.AppiumDriver.<init>(AppiumDriver.java:162)
	at io.appium.java_client.AppiumDriver.<init>(AppiumDriver.java:171)
	at io.appium.java_client.android.AndroidDriver.<init>(AndroidDriver.java:72)
	at TestBase.Driver.DriverInitialization(Driver.java:39)
	at TestBase.TestBaseClass.TestInitialization(TestBaseClass.java:30)
	at ChaiAndInkspaceTests.InkspaceScreenshotsTests.InkspaceTests(InkspaceScreenshotsTests.java:19)
... Removed 28 stack frames]]>
    </failure>
  </testcase> <!-- InkspaceTests -->
</testsuite> <!-- InkspaceAndroidScreenshots -->
